* Owlready2 * Running Pellet...
    java -Xmx2000M -cp /usr/local/lib/python3.7/dist-packages/owlready2/pellet/xercesImpl-2.10.0.jar:/usr/local/lib/python3.7/dist-packages/owlready2/pellet/antlr-runtime-3.2.jar:/usr/local/lib/python3.7/dist-packages/owlready2/pellet/xml-apis-1.4.01.jar:/usr/local/lib/python3.7/dist-packages/owlready2/pellet/httpclient-4.2.3.jar:/usr/local/lib/python3.7/dist-packages/owlready2/pellet/commons-codec-1.6.jar:/usr/local/lib/python3.7/dist-packages/owlready2/pellet/aterm-java-1.6.jar:/usr/local/lib/python3.7/dist-packages/owlready2/pellet/log4j-1.2.16.jar:/usr/local/lib/python3.7/dist-packages/owlready2/pellet/jena-iri-0.9.5.jar:/usr/local/lib/python3.7/dist-packages/owlready2/pellet/slf4j-api-1.6.4.jar:/usr/local/lib/python3.7/dist-packages/owlready2/pellet/jcl-over-slf4j-1.6.4.jar:/usr/local/lib/python3.7/dist-packages/owlready2/pellet/jgrapht-jdk1.5.jar:/usr/local/lib/python3.7/dist-packages/owlready2/pellet/jena-arq-2.10.0.jar:/usr/local/lib/python3.7/dist-packages/owlready2/pellet/owlapi-distribution-3.4.3-bin.jar:/usr/local/lib/python3.7/dist-packages/owlready2/pellet/jena-core-2.10.0.jar:/usr/local/lib/python3.7/dist-packages/owlready2/pellet/httpcore-4.2.2.jar:/usr/local/lib/python3.7/dist-packages/owlready2/pellet/antlr-3.2.jar:/usr/local/lib/python3.7/dist-packages/owlready2/pellet/jena-tdb-0.10.0.jar:/usr/local/lib/python3.7/dist-packages/owlready2/pellet/slf4j-log4j12-1.6.4.jar:/usr/local/lib/python3.7/dist-packages/owlready2/pellet/pellet-2.3.1.jar pellet.Pellet realize --loader Jena --input-format N-Triples --infer-prop-values --ignore-imports /tmp/tmp58dvk5ir

* Owlready * Adding relation onto.trash_6 isAssociatedWith onto.trash_11
* Owlready * Adding relation onto.trash_6 isAssociatedWith onto.trash_29
* Owlready * Adding relation onto.trash_6 isAssociatedWith onto.trash_42
* Owlready * Adding relation onto.trash_6 isAssociatedWith onto.trash_20
* Owlready * Adding relation onto.trash_6 isAssociatedWith onto.trash_12
* Owlready * Adding relation onto.trash_6 isAssociatedWith onto.trash_33
* Owlready * Adding relation onto.trash_6 isAssociatedWith onto.trash_6
* Owlready * Adding relation onto.trash_42 isAssociatedWith onto.trash_27
* Owlready * Adding relation onto.trash_42 isAssociatedWith onto.trash_11
* Owlready * Adding relation onto.trash_42 isAssociatedWith onto.trash_29
* Owlready * Adding relation onto.trash_42 isAssociatedWith onto.trash_42
* Owlready * Adding relation onto.trash_42 isAssociatedWith onto.trash_7
* Owlready * Adding relation onto.trash_42 isAssociatedWith onto.trash_20
* Owlready * Adding relation onto.trash_42 isAssociatedWith onto.trash_12
* Owlready * Adding relation onto.trash_42 isAssociatedWith onto.trash_6
* Owlready * Adding relation onto.trash_39 isAssociatedWith onto.trash_39
* Owlready * Adding relation onto.trash_29 isAssociatedWith onto.trash_27
* Owlready * Adding relation onto.trash_29 isAssociatedWith onto.trash_11
* Owlready * Adding relation onto.trash_29 isAssociatedWith onto.trash_29
* Owlready * Adding relation onto.trash_29 isAssociatedWith onto.trash_42
* Owlready * Adding relation onto.trash_29 isAssociatedWith onto.trash_7
* Owlready * Adding relation onto.trash_29 isAssociatedWith onto.trash_20
* Owlready * Adding relation onto.trash_29 isAssociatedWith onto.trash_12
* Owlready * Adding relation onto.trash_29 isAssociatedWith onto.trash_6
* Owlready * Adding relation onto.trash_9 isAssociatedWith onto.trash_9
* Owlready * Adding relation onto.trash_27 isAssociatedWith onto.trash_27
* Owlready * Adding relation onto.trash_27 isAssociatedWith onto.trash_11
* Owlready * Adding relation onto.trash_27 isAssociatedWith onto.trash_29
* Owlready * Adding relation onto.trash_27 isAssociatedWith onto.trash_7
* Owlready * Adding relation onto.trash_27 isAssociatedWith onto.trash_42
* Owlready * Adding relation onto.trash_27 isAssociatedWith onto.trash_20
* Owlready * Adding relation onto.trash_27 isAssociatedWith onto.trash_33
* Owlready * Adding relation onto.trash_7 isAssociatedWith onto.trash_11
* Owlready * Adding relation onto.trash_7 isAssociatedWith onto.trash_27
* Owlready * Adding relation onto.trash_7 isAssociatedWith onto.trash_29
* Owlready * Adding relation onto.trash_7 isAssociatedWith onto.trash_42
* Owlready * Adding relation onto.trash_7 isAssociatedWith onto.trash_7
* Owlready * Adding relation onto.trash_7 isAssociatedWith onto.trash_33
* Owlready * Adding relation onto.trash_12 isAssociatedWith onto.trash_11
* Owlready * Adding relation onto.trash_12 isAssociatedWith onto.trash_29
* Owlready * Adding relation onto.trash_12 isAssociatedWith onto.trash_42
* Owlready * Adding relation onto.trash_12 isAssociatedWith onto.trash_20
* Owlready * Adding relation onto.trash_12 isAssociatedWith onto.trash_12
* Owlready * Adding relation onto.trash_12 isAssociatedWith onto.trash_33
* Owlready * Adding relation onto.trash_12 isAssociatedWith onto.trash_6
* Owlready * Adding relation onto.trash_33 isAssociatedWith onto.trash_27
* Owlready * Adding relation onto.trash_33 isAssociatedWith onto.trash_7
* Owlready * Adding relation onto.trash_33 isAssociatedWith onto.trash_12
* Owlready * Adding relation onto.trash_33 isAssociatedWith onto.trash_33
* Owlready * Adding relation onto.trash_33 isAssociatedWith onto.trash_6
* Owlready * Adding relation onto.trash_11 isAssociatedWith onto.trash_27
* Owlready * Adding relation onto.trash_11 isAssociatedWith onto.trash_11
* Owlready * Adding relation onto.trash_11 isAssociatedWith onto.trash_29
* Owlready * Adding relation onto.trash_11 isAssociatedWith onto.trash_42
* Owlready * Adding relation onto.trash_11 isAssociatedWith onto.trash_7
* Owlready * Adding relation onto.trash_11 isAssociatedWith onto.trash_20
* Owlready * Adding relation onto.trash_11 isAssociatedWith onto.trash_12
* Owlready * Adding relation onto.trash_11 isAssociatedWith onto.trash_6
* Owlready * Adding relation onto.trash_20 isAssociatedWith onto.trash_11
* Owlready * Adding relation onto.trash_20 isAssociatedWith onto.trash_27
* Owlready * Adding relation onto.trash_20 isAssociatedWith onto.trash_29
* Owlready * Adding relation onto.trash_20 isAssociatedWith onto.trash_42
* Owlready * Adding relation onto.trash_20 isAssociatedWith onto.trash_20
* Owlready * Adding relation onto.trash_20 isAssociatedWith onto.trash_12
* Owlready * Adding relation onto.trash_20 isAssociatedWith onto.trash_6

* Owlready2 * Pellet took 3.0511953830718994 seconds
* Owlready * (NB: only changes on entities loaded in Python are shown, other changes are done but not listed)